2024/11/06 14:29:35 Email not sent for roland.ennulat@vattenfall.com with error 535 5.7.8 Username and Password not accepted. For more information, go to
5.7.8  https://support.google.com/mail/?p=BadCredentials 5b1f17b1804b1-432aa6b3611sm18919525e9.13 - gsmtp
2024/11/06 14:29:41 Email not sent for jessika.reis@evonik.com with error 535 5.7.8 Username and Password not accepted. For more information, go to
5.7.8  https://support.google.com/mail/?p=BadCredentials ffacd0b85a97d-381c10ea7c2sm18861450f8f.57 - gsmtp
2024/11/06 14:29:47 Email not sent for faruk.sert@unitymedia.de with error 535 5.7.8 Username and Password not accepted. For more information, go to
5.7.8  https://support.google.com/mail/?p=BadCredentials ffacd0b85a97d-381c116b575sm18630690f8f.108 - gsmtp
2024/11/06 14:29:53 Email not sent for indra.suhanda@anabatic.com with error 535 5.7.8 Username and Password not accepted. For more information, go to
5.7.8  https://support.google.com/mail/?p=BadCredentials 5b1f17b1804b1-432aa70a1f8sm19403805e9.30 - gsmtp
2024/11/06 14:29:58 Email not sent for stephanie.onggo@monroeconsulting.com with error 535 5.7.8 Username and Password not accepted. For more information, go to
5.7.8  https://support.google.com/mail/?p=BadCredentials ffacd0b85a97d-381c1167f20sm18762823f8f.90 - gsmtp
2024/11/06 14:30:02 Email not sent for kurniawan@pjbservices.com with error 535 5.7.8 Username and Password not accepted. For more information, go to
5.7.8  https://support.google.com/mail/?p=BadCredentials 5b1f17b1804b1-432aa6b30d9sm19510825e9.17 - gsmtp
2024/11/06 14:30:05 Email not sent for ulrike.blome@unitymedia.de with error 535 5.7.8 Username and Password not accepted. For more information, go to
5.7.8  https://support.google.com/mail/?p=BadCredentials ffacd0b85a97d-381c10b7a9esm18776587f8f.21 - gsmtp
2024/11/06 14:30:10 Email not sent for morellana@camposol.com.pe with error 535 5.7.8 Username and Password not accepted. For more information, go to
5.7.8  https://support.google.com/mail/?p=BadCredentials ffacd0b85a97d-381c113e69fsm18869202f8f.69 - gsmtp
2024/11/06 14:30:12 Email not sent for akrafscheck@gasag.de with error 535 5.7.8 Username and Password not accepted. For more information, go to
5.7.8  https://support.google.com/mail/?p=BadCredentials 5b1f17b1804b1-432aa737c86sm19599485e9.38 - gsmtp
2024/11/06 14:30:14 Email not sent for dedek_haryadispmsi@asianagri.com with error 535 5.7.8 Username and Password not accepted. For more information, go to
5.7.8  https://support.google.com/mail/?p=BadCredentials 5b1f17b1804b1-432aa6da89bsm19214105e9.30 - gsmtp
2024/11/06 14:30:15 Email not sent for afischer@axway.com with error 535 5.7.8 Username and Password not accepted. For more information, go to
5.7.8  https://support.google.com/mail/?p=BadCredentials ffacd0b85a97d-381c116a7a6sm18824440f8f.92 - gsmtp
2024/11/06 14:30:18 Email not sent for rg@hansaplus.com with error 535 5.7.8 Username and Password not accepted. For more information, go to
5.7.8  https://support.google.com/mail/?p=BadCredentials 5b1f17b1804b1-432aa6da94fsm19089155e9.29 - gsmtp
